#
# A fatal error has been detected by the Java Runtime Environment:
#
#  SIGBUS (0xa) at pc=0x00007fff5fc69f49, pid=45219, tid=0x0000000000012103
#
# JRE version: Java(TM) SE Runtime Environment (8.0_161-b12) (build 1.8.0_161-b12)
# Java VM: Java HotSpot(TM) 64-Bit Server VM (25.161-b12 mixed mode bsd-amd64 compressed oops)
# Problematic frame:
# C  [libsystem_platform.dylib+0x4f49]  _platform_memmove$VARIANT$Haswell+0x29
#
# Failed to write core dump. Core dumps have been disabled. To enable core dumping, try "ulimit -c unlimited" before starting Java again
#
# If you would like to submit a bug report, please visit:
#   http://bugreport.java.com/bugreport/crash.jsp
# The crash happened outside the Java Virtual Machine in native code.
# See problematic frame for where to report the bug.
#

---------------  T H R E A D  ---------------

Current thread (0x00007f912440b000):  JavaThread "pool-32-thread-4" [_thread_in_native, id=73987, stack(0x0000700010ce6000,0x0000700010de6000)]

siginfo: si_signo: 10 (SIGBUS), si_code: 2 (BUS_ADRERR), si_addr: 0x0000000126113000

Registers:
RAX=0x00007f9121619e02, RBX=0x0000000126109713, RCX=0x0000000000004e00, RDX=0x000000000000746f
RSP=0x0000700010de3640, RBP=0x0000700010de3640, RSI=0x0000000126113000, RDI=0x00007f912161c471
R8 =0x0000000000000000, R9 =0x000000000000803f, R10=0x0000000000000000, R11=0x00007f8ffb509471
R12=0x000000006f72702f, R13=0x00000000246f666e, R14=0x000000002f736f74, R15=0x000000000000746f
RIP=0x00007fff5fc69f49, EFLAGS=0x0000000000010206, ERR=0x0000000000000004
  TRAPNO=0x000000000000000e

Top of Stack: (sp=0x0000700010de3640)
0x0000700010de3640:   0000700010de36b0 000000010758905f
0x0000700010de3650:   0000006f383834c8 0000000000000074
0x0000700010de3660:   000000000000636f 00007f9121612a00
0x0000700010de3670:   0000000000007250 00007f911e0168e0
0x0000700010de3680:   00007f911e796c80 00007f911e0168e0
0x0000700010de3690:   00007f911e89ee00 0000000000000a80
0x0000700010de36a0:   000000005e531e0e 00007f9123a1f5f0
0x0000700010de36b0:   0000700010de3710 000000010758952d
0x0000700010de36c0:   0000700010de3786 0000700010de3785
0x0000700010de36d0:   0000005600000000 000000570140b000
0x0000700010de36e0:   0000700010de372e 0000700010de3b78
0x0000700010de36f0:   0000000000000057 0000700010de372e
0x0000700010de3700:   00007f911e0168e0 00007f912440b1f8
0x0000700010de3710:   0000700010de3b60 0000000107588238
0x0000700010de3720:   00007f912080a320 726f000100000001
0x0000700010de3730:   702f6e6f72742f67 6f632f736f746f72
0x0000700010de3740:   412f74636172746e 7573734974657373
0x0000700010de3750:   636172746e6f4365 6c43726574754f74
0x0000700010de3760:   6164705524737361 4374657373416574
0x0000700010de3770:   2474636172746e6f 2e7265646c697542
0x0000700010de3780:   0000007373616c63 0000700010de3890
0x0000700010de3790:   00000001223503d8 0000700010de3a40
0x0000700010de37a0:   00007f912440b000 0000700010de3890
0x0000700010de37b0:   00000001223503d8 0000700010de3a40
0x0000700010de37c0:   0000700010de3930 0000000108926c73
0x0000700010de37d0:   00007f912440b000 00007f911d4a3620
0x0000700010de37e0:   00007f912440b1f8 0000700010de3a40
0x0000700010de37f0:   00007f912440b000 00000007a719aac8
0x0000700010de3800:   00000006c0029d28 00000007c0138b20
0x0000700010de3810:   00007f912087a530 00007f912080a320
0x0000700010de3820:   00007f912440b000 0000000127ceae68
0x0000700010de3830:   0000000127ceae68 0000000127010168 

Instructions: (pc=0x00007fff5fc69f49)
0x00007fff5fc69f29:   f3 48 89 f8 49 39 d3 72 1b 48 83 fa 60 76 2f 48
0x00007fff5fc69f39:   81 fa 00 40 00 00 0f 82 cb 00 00 00 48 89 d1 fc
0x00007fff5fc69f49:   f3 a4 5d c3 48 39 fe 74 f9 48 01 d6 48 01 d7 48
0x00007fff5fc69f59:   83 fa 60 0f 82 8c 01 00 00 e9 a9 01 00 00 48 83 

Register to memory mapping:

RAX=0x00007f9121619e02 is an unknown value
RBX=0x0000000126109713 is an unknown value
RCX=0x0000000000004e00 is an unknown value
RDX=0x000000000000746f is an unknown value
RSP=0x0000700010de3640 is pointing into the stack for thread: 0x00007f912440b000
RBP=0x0000700010de3640 is pointing into the stack for thread: 0x00007f912440b000
RSI=0x0000000126113000 is an unknown value
RDI=0x00007f912161c471 is an unknown value
R8 =0x0000000000000000 is an unknown value
R9 =0x000000000000803f is an unknown value
R10=0x0000000000000000 is an unknown value
R11=0x00007f8ffb509471 is an unknown value
R12=0x000000006f72702f is an unknown value
R13=0x00000000246f666e is an unknown value
R14=0x000000002f736f74 is an unknown value
R15=0x000000000000746f is an unknown value


Stack: [0x0000700010ce6000,0x0000700010de6000],  sp=0x0000700010de3640,  free space=1013k
Native frames: (J=compiled Java code, j=interpreted, Vv=VM code, C=native code)
C  [libsystem_platform.dylib+0x4f49]  _platform_memmove$VARIANT$Haswell+0x29
C  [libzip.dylib+0x305f]  newEntry+0x321
C  [libzip.dylib+0x352d]  ZIP_GetEntry2+0xd4
C  [libzip.dylib+0x2238]  Java_java_util_zip_ZipFile_getEntry+0xcf
J 103  java.util.zip.ZipFile.getEntry(J[BZ)J (0 bytes) @ 0x000000011348560e [0x0000000113485540+0xce]
J 830 C2 java.util.zip.ZipFile.getEntry(Ljava/lang/String;)Ljava/util/zip/ZipEntry; (101 bytes) @ 0x000000011368d0f8 [0x000000011368cd80+0x378]
J 1384 C2 sun.misc.URLClassPath$JarLoader.getResource(Ljava/lang/String;Z)Lsun/misc/Resource; (85 bytes) @ 0x00000001137f94e8 [0x00000001137f9460+0x88]
J 553 C2 sun.misc.URLClassPath.getResource(Ljava/lang/String;Z)Lsun/misc/Resource; (83 bytes) @ 0x00000001135daef0 [0x00000001135dad60+0x190]
J 3340 C2 java.net.URLClassLoader$1.run()Ljava/lang/Object; (5 bytes) @ 0x00000001140392c0 [0x0000000114038dc0+0x500]
v  ~StubRoutines::call_stub
V  [libjvm.dylib+0x2ef9aa]
V  [libjvm.dylib+0x35019c]
J 160  java.security.AccessController.doPrivileged(Ljava/security/PrivilegedExceptionAction;Ljava/security/AccessControlContext;)Ljava/lang/Object; (0 bytes) @ 0x00000001134aab55 [0x00000001134aaa80+0xd5]
J 2504 C2 java.lang.ClassLoader.loadClass(Ljava/lang/String;Z)Ljava/lang/Class; (122 bytes) @ 0x0000000113c181d4 [0x0000000113c175e0+0xbf4]
J 2706 C2 java.lang.ClassLoader.loadClass(Ljava/lang/String;)Ljava/lang/Class; (7 bytes) @ 0x0000000113c8a250 [0x0000000113c8a080+0x1d0]
v  ~StubRoutines::call_stub
V  [libjvm.dylib+0x2ef9aa]
V  [libjvm.dylib+0x2f014e]
V  [libjvm.dylib+0x2f02a6]
V  [libjvm.dylib+0x53fbc2]
V  [libjvm.dylib+0x53f38a]
V  [libjvm.dylib+0x53fdde]
V  [libjvm.dylib+0x540491]
V  [libjvm.dylib+0x4d3bb4]
V  [libjvm.dylib+0x4d3e1f]
V  [libjvm.dylib+0x4d42f0]
V  [libjvm.dylib+0x34e3a7]
V  [libjvm.dylib+0x34e59f]
J 3323  java.lang.Class.getDeclaredMethods0(Z)[Ljava/lang/reflect/Method; (0 bytes) @ 0x0000000113e7b228 [0x0000000113e7b180+0xa8]
J 3388 C2 java.lang.Class.getMethod0(Ljava/lang/String;[Ljava/lang/Class;Z)Ljava/lang/reflect/Method; (40 bytes) @ 0x0000000113950a54 [0x000000011394e700+0x2354]
J 7423 C2 java.lang.Class.getMethod(Ljava/lang/String;[Ljava/lang/Class;)Ljava/lang/reflect/Method; (64 bytes) @ 0x00000001149fc670 [0x00000001149fc600+0x70]
J 7996 C2 com.google.protobuf.Any.unpack(Ljava/lang/Class;)Lcom/google/protobuf/Message; (64 bytes) @ 0x000000011420be8c [0x000000011420bde0+0xac]
J 8980 C2 org.tron.core.capsule.TransactionCapsule.validateSignature(Lorg/tron/core/store/AccountStore;Lorg/tron/core/store/DynamicPropertiesStore;)Z (93 bytes) @ 0x0000000114b93440 [0x0000000114b926a0+0xda0]
J 7686 C1 org.tron.core.db.Manager$ValidateSignTask.call()Ljava/lang/Boolean; (50 bytes) @ 0x0000000114a820cc [0x0000000114a82000+0xcc]
J 7614 C1 org.tron.core.db.Manager$ValidateSignTask.call()Ljava/lang/Object; (5 bytes) @ 0x0000000114a22f0c [0x0000000114a22e80+0x8c]
J 9938 C1 java.util.concurrent.FutureTask.run()V (126 bytes) @ 0x0000000114a3f054 [0x0000000114a3ee00+0x254]
j  java.util.concurrent.ThreadPoolExecutor.runWorker(Ljava/util/concurrent/ThreadPoolExecutor$Worker;)V+95
j  java.util.concurrent.ThreadPoolExecutor$Worker.run()V+5
j  java.lang.Thread.run()V+11
v  ~StubRoutines::call_stub
V  [libjvm.dylib+0x2ef9aa]
V  [libjvm.dylib+0x2f014e]
V  [libjvm.dylib+0x2f02fa]
V  [libjvm.dylib+0x34aae5]
V  [libjvm.dylib+0x56edef]
V  [libjvm.dylib+0x5704ea]
V  [libjvm.dylib+0x48d83a]
C  [libsystem_pthread.dylib+0x36c1]  _pthread_body+0x154
C  [libsystem_pthread.dylib+0x356d]  _pthread_body+0x0
C  [libsystem_pthread.dylib+0x2c5d]  thread_start+0xd
C  0x0000000000000000

Java frames: (J=compiled Java code, j=interpreted, Vv=VM code)
J 103  java.util.zip.ZipFile.getEntry(J[BZ)J (0 bytes) @ 0x0000000113485598 [0x0000000113485540+0x58]
J 830 C2 java.util.zip.ZipFile.getEntry(Ljava/lang/String;)Ljava/util/zip/ZipEntry; (101 bytes) @ 0x000000011368d0f8 [0x000000011368cd80+0x378]
J 1384 C2 sun.misc.URLClassPath$JarLoader.getResource(Ljava/lang/String;Z)Lsun/misc/Resource; (85 bytes) @ 0x00000001137f94e8 [0x00000001137f9460+0x88]
J 553 C2 sun.misc.URLClassPath.getResource(Ljava/lang/String;Z)Lsun/misc/Resource; (83 bytes) @ 0x00000001135daef0 [0x00000001135dad60+0x190]
J 3340 C2 java.net.URLClassLoader$1.run()Ljava/lang/Object; (5 bytes) @ 0x00000001140392c0 [0x0000000114038dc0+0x500]
v  ~StubRoutines::call_stub
J 160  java.security.AccessController.doPrivileged(Ljava/security/PrivilegedExceptionAction;Ljava/security/AccessControlContext;)Ljava/lang/Object; (0 bytes) @ 0x00000001134aaae3 [0x00000001134aaa80+0x63]
J 2504 C2 java.lang.ClassLoader.loadClass(Ljava/lang/String;Z)Ljava/lang/Class; (122 bytes) @ 0x0000000113c181d4 [0x0000000113c175e0+0xbf4]
J 2706 C2 java.lang.ClassLoader.loadClass(Ljava/lang/String;)Ljava/lang/Class; (7 bytes) @ 0x0000000113c8a250 [0x0000000113c8a080+0x1d0]
v  ~StubRoutines::call_stub
J 3323  java.lang.Class.getDeclaredMethods0(Z)[Ljava/lang/reflect/Method; (0 bytes) @ 0x0000000113e7b1b8 [0x0000000113e7b180+0x38]
J 3388 C2 java.lang.Class.getMethod0(Ljava/lang/String;[Ljava/lang/Class;Z)Ljava/lang/reflect/Method; (40 bytes) @ 0x0000000113950a54 [0x000000011394e700+0x2354]
J 7423 C2 java.lang.Class.getMethod(Ljava/lang/String;[Ljava/lang/Class;)Ljava/lang/reflect/Method; (64 bytes) @ 0x00000001149fc670 [0x00000001149fc600+0x70]
J 7996 C2 com.google.protobuf.Any.unpack(Ljava/lang/Class;)Lcom/google/protobuf/Message; (64 bytes) @ 0x000000011420be8c [0x000000011420bde0+0xac]
J 8980 C2 org.tron.core.capsule.TransactionCapsule.validateSignature(Lorg/tron/core/store/AccountStore;Lorg/tron/core/store/DynamicPropertiesStore;)Z (93 bytes) @ 0x0000000114b93440 [0x0000000114b926a0+0xda0]
J 7686 C1 org.tron.core.db.Manager$ValidateSignTask.call()Ljava/lang/Boolean; (50 bytes) @ 0x0000000114a820cc [0x0000000114a82000+0xcc]
J 7614 C1 org.tron.core.db.Manager$ValidateSignTask.call()Ljava/lang/Object; (5 bytes) @ 0x0000000114a22f0c [0x0000000114a22e80+0x8c]
J 9938 C1 java.util.concurrent.FutureTask.run()V (126 bytes) @ 0x0000000114a3f054 [0x0000000114a3ee00+0x254]
j  java.util.concurrent.ThreadPoolExecutor.runWorker(Ljava/util/concurrent/ThreadPoolExecutor$Worker;)V+95
j  java.util.concurrent.ThreadPoolExecutor$Worker.run()V+5
j  java.lang.Thread.run()V+11
v  ~StubRoutines::call_stub

---------------  P R O C E S S  ---------------

Java Threads: ( => current thread )
=>0x00007f912440b000 JavaThread "pool-32-thread-4" [_thread_in_native, id=73987, stack(0x0000700010ce6000,0x0000700010de6000)]
  0x00007f912508f800 JavaThread "pool-32-thread-3" [_thread_blocked, id=74243, stack(0x0000700010be3000,0x0000700010ce3000)]
  0x00007f9120a21000 JavaThread "pool-32-thread-2" [_thread_blocked, id=56323, stack(0x0000700010ae0000,0x0000700010be0000)]
  0x00007f911da3f800 JavaThread "pool-46-thread-1" [_thread_blocked, id=55811, stack(0x00007000109dd000,0x0000700010add000)]
  0x00007f911f341000 JavaThread "pool-29-thread-1" [_thread_blocked, id=74499, stack(0x00007000108da000,0x00007000109da000)]
  0x00007f911f340800 JavaThread "pool-28-thread-1" [_thread_blocked, id=55299, stack(0x00007000107d7000,0x00007000108d7000)]
  0x00007f911f33f800 JavaThread "pool-27-thread-1" [_thread_blocked, id=75267, stack(0x00007000106d4000,0x00007000107d4000)]
  0x00007f9124989800 JavaThread "pool-26-thread-1" [_thread_blocked, id=75523, stack(0x00007000105d1000,0x00007000106d1000)]
  0x00007f912537b000 JavaThread "pool-25-thread-1" [_thread_blocked, id=76035, stack(0x00007000104ce000,0x00007000105ce000)]
  0x00007f9120a36800 JavaThread "pool-24-thread-1" [_thread_blocked, id=76547, stack(0x00007000103cb000,0x00007000104cb000)]
  0x00007f911f33f000 JavaThread "pool-23-thread-1" [_thread_blocked, id=54531, stack(0x00007000102c8000,0x00007000103c8000)]
  0x00007f9124989000 JavaThread "pool-22-thread-1" [_thread_blocked, id=54019, stack(0x00007000101c5000,0x00007000102c5000)]
  0x00007f911fca4000 JavaThread "pool-21-thread-1" [_thread_blocked, id=77059, stack(0x00007000100c2000,0x00007000101c2000)]
  0x00007f911d928800 JavaThread "pool-20-thread-1" [_thread_blocked, id=53763, stack(0x000070000ffbf000,0x00007000100bf000)]
  0x00007f9120b65800 JavaThread "pool-19-thread-1" [_thread_blocked, id=53251, stack(0x000070000febc000,0x000070000ffbc000)]
  0x00007f9124463000 JavaThread "pool-18-thread-1" [_thread_blocked, id=77827, stack(0x000070000fdb9000,0x000070000feb9000)]
  0x00007f9120c4d000 JavaThread "pool-17-thread-1" [_thread_blocked, id=52995, stack(0x000070000fcb6000,0x000070000fdb6000)]
  0x00007f911d92a800 JavaThread "pool-16-thread-1" [_thread_blocked, id=52739, stack(0x000070000fbb3000,0x000070000fcb3000)]
  0x00007f91235a6000 JavaThread "pool-15-thread-1" [_thread_blocked, id=78595, stack(0x000070000fab0000,0x000070000fbb0000)]
  0x00007f911f33e000 JavaThread "pool-14-thread-1" [_thread_blocked, id=78851, stack(0x000070000f9ad000,0x000070000faad000)]
  0x00007f911fca0000 JavaThread "pool-13-thread-1" [_thread_blocked, id=51971, stack(0x000070000f8aa000,0x000070000f9aa000)]
  0x00007f9120c4e000 JavaThread "pool-12-thread-1" [_thread_blocked, id=51459, stack(0x000070000f7a7000,0x000070000f8a7000)]
  0x00007f911f33d800 JavaThread "pool-11-thread-1" [_thread_blocked, id=79619, stack(0x000070000f6a4000,0x000070000f7a4000)]
  0x00007f911eabe800 JavaThread "pool-10-thread-1" [_thread_blocked, id=51203, stack(0x000070000f5a1000,0x000070000f6a1000)]
  0x00007f911da41000 JavaThread "pool-9-thread-1" [_thread_blocked, id=50691, stack(0x000070000f49e000,0x000070000f59e000)]
  0x00007f911ed7a000 JavaThread "pool-8-thread-1" [_thread_blocked, id=80387, stack(0x000070000f39b000,0x000070000f49b000)]
  0x00007f911da3f000 JavaThread "pool-7-thread-1" [_thread_blocked, id=80899, stack(0x000070000f298000,0x000070000f398000)]
  0x00007f911da3e000 JavaThread "pool-6-thread-1" [_thread_blocked, id=81155, stack(0x000070000f195000,0x000070000f295000)]
  0x00007f911da3d800 JavaThread "pool-5-thread-1" [_thread_blocked, id=81411, stack(0x000070000f092000,0x000070000f192000)]
  0x00007f911da3c800 JavaThread "pool-4-thread-1" [_thread_blocked, id=49923, stack(0x000070000ef8f000,0x000070000f08f000)]
  0x00007f911da3c000 JavaThread "pool-3-thread-1" [_thread_blocked, id=82179, stack(0x000070000ee8c000,0x000070000ef8c000)]
  0x00007f91248c3800 JavaThread "pool-2-thread-1" [_thread_blocked, id=82691, stack(0x000070000ed89000,0x000070000ee89000)]
  0x00007f9124895800 JavaThread "pool-1-thread-1" [_thread_blocked, id=49411, stack(0x000070000ec86000,0x000070000ed86000)]
  0x00007f91252d5800 JavaThread "pool-32-thread-1" [_thread_blocked, id=49155, stack(0x000070000eb83000,0x000070000ec83000)]
  0x00007f911ee02000 JavaThread "sendMsgThread-/47.74.229.70:18888" [_thread_blocked, id=83459, stack(0x000070000ea80000,0x000070000eb80000)]
  0x00007f91250c3000 JavaThread "sendMsgThread-/47.75.38.234:18888" [_thread_blocked, id=83715, stack(0x000070000e97d000,0x000070000ea7d000)]
  0x00007f9124356800 JavaThread "sendMsgThread-/47.75.193.143:18888" [_thread_blocked, id=48387, stack(0x000070000e87a000,0x000070000e97a000)]
  0x00007f9124355800 JavaThread "sendMsgThread-/47.75.128.222:18888" [_thread_blocked, id=47875, stack(0x000070000e777000,0x000070000e877000)]
  0x00007f91253bc000 JavaThread "sendMsgThread-/47.75.74.31:18888" [_thread_blocked, id=47619, stack(0x000070000e674000,0x000070000e774000)]
  0x00007f912402d000 JavaThread "sendMsgThread-/47.75.77.31:18888" [_thread_blocked, id=84483, stack(0x000070000e571000,0x000070000e671000)]
  0x00007f91254a4000 JavaThread "sendMsgThread-/47.75.247.120:18888" [_thread_blocked, id=47107, stack(0x000070000e46e000,0x000070000e56e000)]
  0x00007f9123246000 JavaThread "sendMsgThread-/47.52.33.215:18888" [_thread_blocked, id=84739, stack(0x000070000e36b000,0x000070000e46b000)]
  0x00007f91253fa800 JavaThread "P2pPingTimer" [_thread_blocked, id=84995, stack(0x000070000e268000,0x000070000e368000)]
  0x00007f9121664800 JavaThread "sendMsgThread-/47.95.206.44:18885" [_thread_blocked, id=85251, stack(0x000070000e165000,0x000070000e265000)]
  0x00007f91242a3800 JavaThread "sendTimer" [_thread_blocked, id=45827, stack(0x000070000e062000,0x000070000e162000)]
  0x00007f911f29f800 JavaThread "TronJClientWorker-8" [_thread_in_native, id=45315, stack(0x000070000df5f000,0x000070000e05f000)]
  0x00007f911e9c5000 JavaThread "TronJClientWorker-7" [_thread_in_native, id=85507, stack(0x000070000de5c000,0x000070000df5c000)]
  0x00007f911d805800 JavaThread "TronJClientWorker-6" [_thread_in_native, id=44803, stack(0x000070000dd59000,0x000070000de59000)]
  0x00007f911f18a000 JavaThread "TronJClientWorker-5" [_thread_in_native, id=86275, stack(0x000070000dc56000,0x000070000dd56000)]
  0x00007f9120895800 JavaThread "TronJClientWorker-4" [_thread_in_native, id=86531, stack(0x000070000db53000,0x000070000dc53000)]
  0x00007f9120bf8800 JavaThread "TronJClientWorker-3" [_thread_in_native, id=86787, stack(0x000070000da50000,0x000070000db50000)]
  0x00007f9123029000 JavaThread "TronJClientWorker-2" [_thread_in_native, id=43779, stack(0x000070000d94d000,0x000070000da4d000)]
  0x00007f9123028000 JavaThread "TronJClientWorker-1" [_thread_in_native, id=43523, stack(0x000070000d84a000,0x000070000d94a000)]
  0x00007f91250c4800 JavaThread "TronJClientWorker-0" [_thread_in_native, id=32771, stack(0x000070000d747000,0x000070000d847000)]
  0x00007f911d04e000 JavaThread "nioEventLoopGroup-5-1" [_thread_in_native, id=32259, stack(0x000070000d644000,0x000070000d744000)]
  0x00007f9121032000 JavaThread "pool-45-thread-1" [_thread_blocked, id=33539, stack(0x000070000d541000,0x000070000d641000)]
  0x00007f91212fd800 JavaThread "pool-43-thread-1" [_thread_blocked, id=33795, stack(0x000070000d43e000,0x000070000d53e000)]
  0x00007f9123051000 JavaThread "pool-42-thread-1" [_thread_blocked, id=34051, stack(0x000070000d33b000,0x000070000d43b000)]
  0x00007f9120171000 JavaThread "pool-41-thread-1" [_thread_blocked, id=31235, stack(0x000070000d238000,0x000070000d338000)]
  0x00007f91200f7800 JavaThread "pool-39-thread-1" [_thread_blocked, id=34307, stack(0x000070000d135000,0x000070000d235000)]
  0x00007f911d04d000 JavaThread "pool-38-thread-1" [_thread_blocked, id=34563, stack(0x000070000d032000,0x000070000d132000)]
  0x00007f911d04c800 JavaThread "pool-35-thread-1" [_thread_blocked, id=35075, stack(0x000070000cf2f000,0x000070000d02f000)]
  0x00007f9122489800 JavaThread "pool-34-thread-1" [_thread_blocked, id=35587, stack(0x000070000ce2c000,0x000070000cf2c000)]
  0x00007f9122488800 JavaThread "PeerServerThread" [_thread_blocked, id=36099, stack(0x000070000cd29000,0x000070000ce29000)]
  0x00007f9122488000 JavaThread "Scheduler-1041571359" [_thread_blocked, id=30211, stack(0x000070000cc26000,0x000070000cd26000)]
  0x00007f911fa0b000 JavaThread "qtp93981118-47" [_thread_blocked, id=36355, stack(0x000070000cb23000,0x000070000cc23000)]
  0x00007f911fa0a800 JavaThread "qtp93981118-46" [_thread_blocked, id=36611, stack(0x000070000ca20000,0x000070000cb20000)]
  0x00007f911fa09800 JavaThread "qtp93981118-45" [_thread_blocked, id=29443, stack(0x000070000c91d000,0x000070000ca1d000)]
  0x00007f911fa09000 JavaThread "qtp93981118-44-acceptor-0@46a54263-ServerConnector@61808ecd{HTTP/1.1,[http/1.1]}{0.0.0.0:8091}" [_thread_in_native, id=28931, stack(0x000070000c81a000,0x000070000c91a000)]
  0x00007f911fa08000 JavaThread "qtp93981118-43" [_thread_in_native, id=28675, stack(0x000070000c717000,0x000070000c817000)]
  0x00007f911fa0f000 JavaThread "qtp93981118-42" [_thread_in_native, id=28419, stack(0x000070000c614000,0x000070000c714000)]
  0x00007f911fa0e000 JavaThread "qtp93981118-41" [_thread_in_native, id=28163, stack(0x000070000c511000,0x000070000c611000)]
  0x00007f912003e000 JavaThread "qtp93981118-40" [_thread_in_native, id=38147, stack(0x000070000c40e000,0x000070000c50e000)]
  0x00007f911e982800 JavaThread "Scheduler-1401633928" [_thread_blocked, id=38403, stack(0x000070000c30b000,0x000070000c40b000)]
  0x00007f911ea52800 JavaThread "qtp1973053322-37" [_thread_blocked, id=38915, stack(0x000070000c208000,0x000070000c308000)]
  0x00007f911edbe800 JavaThread "qtp1973053322-36" [_thread_blocked, id=39427, stack(0x000070000c105000,0x000070000c205000)]
  0x00007f911ef8a000 JavaThread "qtp1973053322-35" [_thread_blocked, id=27395, stack(0x000070000c002000,0x000070000c102000)]
  0x00007f9122485800 JavaThread "qtp1973053322-34-acceptor-0@6470de55-ServerConnector@19bfbe28{HTTP/1.1,[http/1.1]}{0.0.0.0:8090}" [_thread_in_native, id=39939, stack(0x000070000beff000,0x000070000bfff000)]
  0x00007f91227f6800 JavaThread "qtp1973053322-33" [_thread_in_native, id=40195, stack(0x000070000bdfc000,0x000070000befc000)]
  0x00007f911d78c800 JavaThread "qtp1973053322-32" [_thread_in_native, id=26627, stack(0x000070000bcf9000,0x000070000bdf9000)]
  0x00007f911d3ab000 JavaThread "qtp1973053322-31" [_thread_in_native, id=26371, stack(0x000070000bbf6000,0x000070000bcf6000)]
  0x00007f91240a2000 JavaThread "qtp1973053322-30" [_thread_in_native, id=22535, stack(0x000070000aea4000,0x000070000afa4000)]
  0x00007f911d5f9000 JavaThread "grpc-default-boss-ELG-3-1" daemon [_thread_in_native, id=26115, stack(0x000070000baf3000,0x000070000bbf3000)]
  0x00007f911d002800 JavaThread "pool-36-thread-1" [_thread_blocked, id=25603, stack(0x000070000b9f0000,0x000070000baf0000)]
  0x00007f9120bf4800 JavaThread "nioEventLoopGroup-2-1" [_thread_in_native, id=25091, stack(0x000070000b8ed000,0x000070000b9ed000)]
  0x00007f911fa18000 JavaThread "pbft-timer" [_thread_blocked, id=40963, stack(0x000070000b7ea000,0x000070000b8ea000)]
  0x00007f911fa19000 JavaThread "check-peer-connect" [_thread_blocked, id=41219, stack(0x000070000b6e7000,0x000070000b7e7000)]
  0x00007f911fb89800 JavaThread "check-peer-connect" [_thread_blocked, id=24323, stack(0x000070000b5e4000,0x000070000b6e4000)]
  0x00007f911fb8b800 JavaThread "pool-48-thread-1" [_thread_blocked, id=41731, stack(0x000070000b4e1000,0x000070000b5e1000)]
  0x00007f911fb8a800 JavaThread "pool-47-thread-1" [_thread_blocked, id=4103, stack(0x000070000b3de000,0x000070000b4de000)]
  0x00007f911db75000 JavaThread "DiscoverServer" [_thread_blocked, id=4359, stack(0x000070000b2db000,0x000070000b3db000)]
  0x00007f91216e6000 JavaThread "WireTrafficStats-0" [_thread_blocked, id=42243, stack(0x000070000b1d8000,0x000070000b2d8000)]
  0x00007f9121981000 JavaThread "NodeManagerTasks" [_thread_blocked, id=23299, stack(0x000070000b0d5000,0x000070000b1d5000)]
  0x00007f911d3f2800 JavaThread "Thread-2" [_thread_blocked, id=23047, stack(0x000070000afd2000,0x000070000b0d2000)]
  0x00007f911ea12800 JavaThread "AsyncAppender-Worker-ASYNC" daemon [_thread_blocked, id=22275, stack(0x000070000ada1000,0x000070000aea1000)]
  0x00007f9120020800 JavaThread "Service Thread" daemon [_thread_blocked, id=15619, stack(0x000070000ab9b000,0x000070000ac9b000)]
  0x00007f911f804800 JavaThread "C1 CompilerThread3" daemon [_thread_blocked, id=16131, stack(0x000070000aa98000,0x000070000ab98000)]
  0x00007f912102b800 JavaThread "C2 CompilerThread2" daemon [_thread_blocked, id=14851, stack(0x000070000a995000,0x000070000aa95000)]
  0x00007f912102a800 JavaThread "C2 CompilerThread1" daemon [_thread_blocked, id=14595, stack(0x000070000a892000,0x000070000a992000)]
  0x00007f9121029000 JavaThread "C2 CompilerThread0" daemon [_thread_blocked, id=14083, stack(0x000070000a78f000,0x000070000a88f000)]
  0x00007f9121020800 JavaThread "Signal Dispatcher" daemon [_thread_blocked, id=13571, stack(0x000070000a68c000,0x000070000a78c000)]
  0x00007f912101e800 JavaThread "Finalizer" daemon [_thread_blocked, id=18435, stack(0x000070000a589000,0x000070000a689000)]
  0x00007f912101b800 JavaThread "Reference Handler" daemon [_thread_blocked, id=18691, stack(0x000070000a486000,0x000070000a586000)]
  0x00007f912000c800 JavaThread "main" [_thread_blocked, id=9987, stack(0x0000700009a68000,0x0000700009b68000)]

Other Threads:
  0x00007f911e831800 VMThread [stack: 0x000070000a383000,0x000070000a483000] [id=19203]
  0x00007f912102e000 WatcherThread [stack: 0x000070000ac9e000,0x000070000ad9e000] [id=21763]

VM state:not at safepoint (normal execution)

VM Mutex/Monitor currently owned by a thread: None

Heap:
 PSYoungGen      total 1376768K, used 1007097K [0x000000076ab00000, 0x00000007c0000000, 0x00000007c0000000)
  eden space 1359872K, 72% used [0x000000076ab00000,0x00000007a7203600,0x00000007bdb00000)
  from space 16896K, 99% used [0x00000007bee80000,0x00000007bfefafc0,0x00000007bff00000)
  to   space 18944K, 0% used [0x00000007bdb00000,0x00000007bdb00000,0x00000007bed80000)
 ParOldGen       total 262144K, used 54701K [0x00000006c0000000, 0x00000006d0000000, 0x000000076ab00000)
  object space 262144K, 20% used [0x00000006c0000000,0x00000006c356b578,0x00000006d0000000)
 Metaspace       used 46153K, capacity 47746K, committed 47872K, reserved 1091584K
  class space    used 5450K, capacity 5793K, committed 5888K, reserved 1048576K

Card table byte_map: [0x000000010996e000,0x000000010a16f000] byte_map_base: 0x000000010636e000

Marking Bits: (ParMarkBitMap*) 0x0000000108ef76c0
 Begin Bits: [0x000000010a6c5000, 0x000000010e6c5000)
 End Bits:   [0x000000010e6c5000, 0x00000001126c5000)

Polling page: 0x000000010753c000

CodeCache: size=245760Kb used=26459Kb max_used=26636Kb free=219300Kb
 bounds [0x000000011334c000, 0x0000000114d9c000, 0x000000012234c000]
 total_blobs=8047 nmethods=7521 adapters=438
 compilation: enabled

Compilation events (10 events):
Event: 2086.148 Thread 0x00007f911f804800 10247       1       org.tron.core.actuator.ParticipateAssetIssueActuator::calcFee (2 bytes)
Event: 2086.148 Thread 0x00007f911f804800 nmethod 10247 0x0000000113edd810 code [0x0000000113edd960, 0x0000000113edda70]
Event: 2086.148 Thread 0x00007f911f804800 10248       1       org.tron.protos.contract.AssetIssueContractOuterClass$ParticipateAssetIssueContract::getOwnerAddress (5 bytes)
Event: 2086.148 Thread 0x00007f911f804800 nmethod 10248 0x000000011451bed0 code [0x000000011451c020, 0x000000011451c130]
Event: 2086.148 Thread 0x00007f911f804800 10249       1       org.tron.protos.contract.AssetIssueContractOuterClass$ParticipateAssetIssueContract::getAssetName (5 bytes)
Event: 2086.148 Thread 0x00007f911f804800 nmethod 10249 0x00000001144f9b10 code [0x00000001144f9c60, 0x00000001144f9d70]
Event: 2086.148 Thread 0x00007f911f804800 10250       1       org.tron.protos.contract.AssetIssueContractOuterClass$ParticipateAssetIssueContract::getToAddress (5 bytes)
Event: 2086.148 Thread 0x00007f911f804800 nmethod 10250 0x00000001142e3990 code [0x00000001142e3ae0, 0x00000001142e3bf0]
Event: 2087.757 Thread 0x00007f9121029000 10251       4       org.tron.common.overlay.server.Channel::getInetAddress (32 bytes)
Event: 2087.758 Thread 0x00007f9121029000 nmethod 10251 0x0000000114c57dd0 code [0x0000000114c57f40, 0x0000000114c58058]

GC Heap History (10 events):
Event: 2074.231 GC heap before
{Heap before GC invocations=796 (full 4):
 PSYoungGen      total 1377792K, used 1367776K [0x000000076ab00000, 0x00000007bff80000, 0x00000007c0000000)
  eden space 1358848K, 100% used [0x000000076ab00000,0x00000007bda00000,0x00000007bda00000)
  from space 18944K, 47% used [0x00000007bda00000,0x00000007be2b8000,0x00000007bec80000)
  to   space 18432K, 0% used [0x00000007bed80000,0x00000007bed80000,0x00000007bff80000)
 ParOldGen       total 262144K, used 52549K [0x00000006c0000000, 0x00000006d0000000, 0x000000076ab00000)
  object space 262144K, 20% used [0x00000006c0000000,0x00000006c3351578,0x00000006d0000000)
 Metaspace       used 46153K, capacity 47746K, committed 47872K, reserved 1091584K
  class space    used 5450K, capacity 5793K, committed 5888K, reserved 1048576K
Event: 2074.238 GC heap after
Heap after GC invocations=796 (full 4):
 PSYoungGen      total 1378816K, used 12256K [0x000000076ab00000, 0x00000007bff80000, 0x00000007c0000000)
  eden space 1360384K, 0% used [0x000000076ab00000,0x000000076ab00000,0x00000007bdb80000)
  from space 18432K, 66% used [0x00000007bed80000,0x00000007bf978000,0x00000007bff80000)
  to   space 18432K, 0% used [0x00000007bdb80000,0x00000007bdb80000,0x00000007bed80000)
 ParOldGen       total 262144K, used 52949K [0x00000006c0000000, 0x00000006d0000000, 0x000000076ab00000)
  object space 262144K, 20% used [0x00000006c0000000,0x00000006c33b5578,0x00000006d0000000)
 Metaspace       used 46153K, capacity 47746K, committed 47872K, reserved 1091584K
  class space    used 5450K, capacity 5793K, committed 5888K, reserved 1048576K
}
Event: 2077.183 GC heap before
{Heap before GC invocations=797 (full 4):
 PSYoungGen      total 1378816K, used 1372640K [0x000000076ab00000, 0x00000007bff80000, 0x00000007c0000000)
  eden space 1360384K, 100% used [0x000000076ab00000,0x00000007bdb80000,0x00000007bdb80000)
  from space 18432K, 66% used [0x00000007bed80000,0x00000007bf978000,0x00000007bff80000)
  to   space 18432K, 0% used [0x00000007bdb80000,0x00000007bdb80000,0x00000007bed80000)
 ParOldGen       total 262144K, used 52949K [0x00000006c0000000, 0x00000006d0000000, 0x000000076ab00000)
  object space 262144K, 20% used [0x00000006c0000000,0x00000006c33b5578,0x00000006d0000000)
 Metaspace       used 46153K, capacity 47746K, committed 47872K, reserved 1091584K
  class space    used 5450K, capacity 5793K, committed 5888K, reserved 1048576K
Event: 2077.190 GC heap after
Heap after GC invocations=797 (full 4):
 PSYoungGen      total 1378816K, used 10624K [0x000000076ab00000, 0x00000007bff00000, 0x00000007c0000000)
  eden space 1360384K, 0% used [0x000000076ab00000,0x000000076ab00000,0x00000007bdb80000)
  from space 18432K, 57% used [0x00000007bdb80000,0x00000007be5e0000,0x00000007bed80000)
  to   space 17920K, 0% used [0x00000007bed80000,0x00000007bed80000,0x00000007bff00000)
 ParOldGen       total 262144K, used 53373K [0x00000006c0000000, 0x00000006d0000000, 0x000000076ab00000)
  object space 262144K, 20% used [0x00000006c0000000,0x00000006c341f578,0x00000006d0000000)
 Metaspace       used 46153K, capacity 47746K, committed 47872K, reserved 1091584K
  class space    used 5450K, capacity 5793K, committed 5888K, reserved 1048576K
}
Event: 2079.528 GC heap before
{Heap before GC invocations=798 (full 4):
 PSYoungGen      total 1378816K, used 1371008K [0x000000076ab00000, 0x00000007bff00000, 0x00000007c0000000)
  eden space 1360384K, 100% used [0x000000076ab00000,0x00000007bdb80000,0x00000007bdb80000)
  from space 18432K, 57% used [0x00000007bdb80000,0x00000007be5e0000,0x00000007bed80000)
  to   space 17920K, 0% used [0x00000007bed80000,0x00000007bed80000,0x00000007bff00000)
 ParOldGen       total 262144K, used 53373K [0x00000006c0000000, 0x00000006d0000000, 0x000000076ab00000)
  object space 262144K, 20% used [0x00000006c0000000,0x00000006c341f578,0x00000006d0000000)
 Metaspace       used 46153K, capacity 47746K, committed 47872K, reserved 1091584K
  class space    used 5450K, capacity 5793K, committed 5888K, reserved 1048576K
Event: 2079.534 GC heap after
Heap after GC invocations=798 (full 4):
 PSYoungGen      total 1378816K, used 8128K [0x000000076ab00000, 0x00000007bfe80000, 0x00000007c0000000)
  eden space 1361408K, 0% used [0x000000076ab00000,0x000000076ab00000,0x00000007bdc80000)
  from space 17408K, 46% used [0x00000007bed80000,0x00000007bf570000,0x00000007bfe80000)
  to   space 17408K, 0% used [0x00000007bdc80000,0x00000007bdc80000,0x00000007bed80000)
 ParOldGen       total 262144K, used 53805K [0x00000006c0000000, 0x00000006d0000000, 0x000000076ab00000)
  object space 262144K, 20% used [0x00000006c0000000,0x00000006c348b578,0x00000006d0000000)
 Metaspace       used 46153K, capacity 47746K, committed 47872K, reserved 1091584K
  class space    used 5450K, capacity 5793K, committed 5888K, reserved 1048576K
}
Event: 2083.711 GC heap before
{Heap before GC invocations=799 (full 4):
 PSYoungGen      total 1378816K, used 1369536K [0x000000076ab00000, 0x00000007bfe80000, 0x00000007c0000000)
  eden space 1361408K, 100% used [0x000000076ab00000,0x00000007bdc80000,0x00000007bdc80000)
  from space 17408K, 46% used [0x00000007bed80000,0x00000007bf570000,0x00000007bfe80000)
  to   space 17408K, 0% used [0x00000007bdc80000,0x00000007bdc80000,0x00000007bed80000)
 ParOldGen       total 262144K, used 53805K [0x00000006c0000000, 0x00000006d0000000, 0x000000076ab00000)
  object space 262144K, 20% used [0x00000006c0000000,0x00000006c348b578,0x00000006d0000000)
 Metaspace       used 46153K, capacity 47746K, committed 47872K, reserved 1091584K
  class space    used 5450K, capacity 5793K, committed 5888K, reserved 1048576K
Event: 2083.716 GC heap after
Heap after GC invocations=799 (full 4):
 PSYoungGen      total 1378816K, used 10688K [0x000000076ab00000, 0x00000007bff00000, 0x00000007c0000000)
  eden space 1361408K, 0% used [0x000000076ab00000,0x000000076ab00000,0x00000007bdc80000)
  from space 17408K, 61% used [0x00000007bdc80000,0x00000007be6f0000,0x00000007bed80000)
  to   space 16896K, 0% used [0x00000007bee80000,0x00000007bee80000,0x00000007bff00000)
 ParOldGen       total 262144K, used 54245K [0x00000006c0000000, 0x00000006d0000000, 0x000000076ab00000)
  object space 262144K, 20% used [0x00000006c0000000,0x00000006c34f9578,0x00000006d0000000)
 Metaspace       used 46153K, capacity 47746K, committed 47872K, reserved 1091584K
  class space    used 5450K, capacity 5793K, committed 5888K, reserved 1048576K
}
Event: 2086.676 GC heap before
{Heap before GC invocations=800 (full 4):
 PSYoungGen      total 1378816K, used 1372096K [0x000000076ab00000, 0x00000007bff00000, 0x00000007c0000000)
  eden space 1361408K, 100% used [0x000000076ab00000,0x00000007bdc80000,0x00000007bdc80000)
  from space 17408K, 61% used [0x00000007bdc80000,0x00000007be6f0000,0x00000007bed80000)
  to   space 16896K, 0% used [0x00000007bee80000,0x00000007bee80000,0x00000007bff00000)
 ParOldGen       total 262144K, used 54245K [0x00000006c0000000, 0x00000006d0000000, 0x000000076ab00000)
  object space 262144K, 20% used [0x00000006c0000000,0x00000006c34f9578,0x00000006d0000000)
 Metaspace       used 46153K, capacity 47746K, committed 47872K, reserved 1091584K
  class space    used 5450K, capacity 5793K, committed 5888K, reserved 1048576K
Event: 2086.689 GC heap after
Heap after GC invocations=800 (full 4):
 PSYoungGen      total 1376768K, used 16875K [0x000000076ab00000, 0x00000007c0000000, 0x00000007c0000000)
  eden space 1359872K, 0% used [0x000000076ab00000,0x000000076ab00000,0x00000007bdb00000)
  from space 16896K, 99% used [0x00000007bee80000,0x00000007bfefafc0,0x00000007bff00000)
  to   space 18944K, 0% used [0x00000007bdb00000,0x00000007bdb00000,0x00000007bed80000)
 ParOldGen       total 262144K, used 54701K [0x00000006c0000000, 0x00000006d0000000, 0x000000076ab00000)
  object space 262144K, 20% used [0x00000006c0000000,0x00000006c356b578,0x00000006d0000000)
 Metaspace       used 46153K, capacity 47746K, committed 47872K, reserved 1091584K
  class space    used 5450K, capacity 5793K, committed 5888K, reserved 1048576K
}

Deoptimization events (10 events):
Event: 1667.275 Thread 0x00007f911d805800 Uncommon trap: reason=unstable_if action=reinterpret pc=0x0000000114109b28 method=org.tron.common.overlay.discover.node.statistics.MessageCount.update()V @ 21
Event: 1887.939 Thread 0x00007f912440b000 Uncommon trap: reason=unstable_if action=reinterpret pc=0x0000000114cd4abc method=java.util.concurrent.locks.AbstractQueuedSynchronizer.doReleaseShared()V @ 69
Event: 1979.109 Thread 0x00007f9123051000 Uncommon trap: reason=unstable_if action=reinterpret pc=0x00000001143e9f54 method=java.util.concurrent.ConcurrentLinkedDeque.peekFirst()Ljava/lang/Object; @ 6
Event: 1979.109 Thread 0x00007f9123051000 Uncommon trap: reason=unstable_if action=reinterpret pc=0x000000011429e6c0 method=org.tron.core.capsule.BlockCapsule$BlockId.equals(Ljava/lang/Object;)Z @ 8
Event: 1979.109 Thread 0x00007f9123051000 Uncommon trap: reason=unstable_if action=reinterpret pc=0x0000000114306b5c method=java.util.concurrent.ConcurrentLinkedDeque.peekFirst()Ljava/lang/Object; @ 6
Event: 1979.117 Thread 0x00007f9123051000 Uncommon trap: reason=unstable_if action=reinterpret pc=0x00000001146db808 method=org.tron.core.net.service.SyncService.processSyncBlock(Lorg/tron/core/capsule/BlockCapsule;)V @ 85
Event: 1982.133 Thread 0x00007f911fb8b800 Uncommon trap: reason=unstable_if action=reinterpret pc=0x000000011361e2b4 method=io.netty.util.internal.shaded.org.jctools.queues.BaseMpscLinkedArrayQueue.offer(Ljava/lang/Object;)Z @ 132
Event: 1982.134 Thread 0x00007f9120bf4800 Uncommon trap: reason=unstable_if action=reinterpret pc=0x0000000114cbf110 method=io.netty.channel.ChannelOutboundBuffer.addMessage(Ljava/lang/Object;ILio/netty/channel/ChannelPromise;)V @ 16
Event: 1982.135 Thread 0x00007f9120bf4800 Uncommon trap: reason=unstable_if action=reinterpret pc=0x0000000114c272fc method=io.netty.channel.ChannelOutboundBuffer.addFlush()V @ 62
Event: 1982.135 Thread 0x00007f9120bf4800 Uncommon trap: reason=unstable_if action=reinterpret pc=0x000000011345c3f8 method=io.netty.channel.ChannelOutboundBuffer.removeEntry(Lio/netty/channel/ChannelOutboundBuffer$Entry;)V @ 11

Classes redefined (0 events):
No events

Internal exceptions (10 events):
Event: 105.252 Thread 0x00007f9123051000 Exception <a 'java/lang/NullPointerException'> (0x0000000794313e50) thrown at [/Users/java_re/workspace/8-2-build-macosx-x86_64/jdk8u161/10277/hotspot/src/share/vm/runtime/sharedRuntime.cpp, line 605]
Event: 105.252 Thread 0x00007f9123051000 Exception <a 'java/lang/reflect/InvocationTargetException'> (0x0000000794314058) thrown at [/Users/java_re/workspace/8-2-build-macosx-x86_64/jdk8u161/10277/hotspot/src/share/vm/runtime/reflection.cpp, line 1092]
Event: 114.208 Thread 0x00007f9123051000 Implicit null exception at 0x000000011358d80d to 0x000000011358d9f9
Event: 114.208 Thread 0x00007f9123051000 Exception <a 'java/lang/NullPointerException'> (0x00000007ad95bca0) thrown at [/Users/java_re/workspace/8-2-build-macosx-x86_64/jdk8u161/10277/hotspot/src/share/vm/runtime/sharedRuntime.cpp, line 605]
Event: 114.208 Thread 0x00007f9123051000 Exception <a 'java/lang/reflect/InvocationTargetException'> (0x00000007ad95bea8) thrown at [/Users/java_re/workspace/8-2-build-macosx-x86_64/jdk8u161/10277/hotspot/src/share/vm/runtime/reflection.cpp, line 1092]
Event: 174.727 Thread 0x00007f9123051000 Implicit null exception at 0x00000001149df10f to 0x00000001149e0039
Event: 468.675 Thread 0x00007f911d002800 Implicit null exception at 0x00000001148e9d4c to 0x00000001148eb2c9
Event: 1894.317 Thread 0x00007f9123051000 Implicit null exception at 0x00000001143714bf to 0x0000000114371baa
Event: 1894.317 Thread 0x00007f9123051000 Exception <a 'java/lang/NullPointerException'> (0x00000007a1d6dc38) thrown at [/Users/java_re/workspace/8-2-build-macosx-x86_64/jdk8u161/10277/hotspot/src/share/vm/runtime/sharedRuntime.cpp, line 605]
Event: 1979.109 Thread 0x00007f9123051000 Implicit null exception at 0x000000011429e4f8 to 0x000000011429e6ad

Events (10 events):
Event: 2077.183 Executing VM operation: ParallelGCFailedAllocation
Event: 2077.190 Executing VM operation: ParallelGCFailedAllocation done
Event: 2079.527 Executing VM operation: ParallelGCFailedAllocation
Event: 2079.534 Executing VM operation: ParallelGCFailedAllocation done
Event: 2083.710 Executing VM operation: ParallelGCFailedAllocation
Event: 2083.716 Executing VM operation: ParallelGCFailedAllocation done
Event: 2086.675 Executing VM operation: ParallelGCFailedAllocation
Event: 2086.689 Executing VM operation: ParallelGCFailedAllocation done
Event: 2088.883 loading class org/tron/protos/contract/AssetIssueContractOuterClass$UpdateAssetContract$Builder
Event: 2088.884 loading class org/tron/protos/contract/AssetIssueContractOuterClass$UpdateAssetContract$Builder done


Dynamic libraries:
0x000000001069d000 	/System/Library/Frameworks/Cocoa.framework/Versions/A/Cocoa
0x000000001069d000 	/System/Library/Frameworks/Security.framework/Versions/A/Security
0x000000001069d000 	/System/Library/Frameworks/ApplicationServices.framework/Versions/A/ApplicationServices
0x000000001069d000 	/usr/lib/libz.1.dylib
0x000000001069d000 	/usr/lib/libSystem.B.dylib
0x000000001069d000 	/usr/lib/libobjc.A.dylib
0x000000001069d000 	/System/Library/Frameworks/CoreFoundation.framework/Versions/A/CoreFoundation
0x000000001069d000 	/System/Library/Frameworks/Foundation.framework/Versions/C/Foundation
0x000000001069d000 	/System/Library/Frameworks/AppKit.framework/Versions/C/AppKit
0x000000001069d000 	/System/Library/Frameworks/CoreData.framework/Versions/A/CoreData
0x000000001069d000 	/System/Library/PrivateFrameworks/RemoteViewServices.framework/Versions/A/RemoteViewServices
0x000000001069d000 	/System/Library/PrivateFrameworks/UIFoundation.framework/Versions/A/UIFoundation
0x000000001069d000 	/System/Library/PrivateFrameworks/DFRFoundation.framework/Versions/A/DFRFoundation
0x000000001069d000 	/System/Library/Frameworks/Metal.framework/Versions/A/Metal
0x000000001069d000 	/System/Library/PrivateFrameworks/DesktopServicesPriv.framework/Versions/A/DesktopServicesPriv
0x000000001069d000 	/usr/lib/libenergytrace.dylib
0x000000001069d000 	/System/Library/PrivateFrameworks/SkyLight.framework/Versions/A/SkyLight
0x000000001069d000 	/System/Library/Frameworks/CoreGraphics.framework/Versions/A/CoreGraphics
0x000000001069d000 	/usr/lib/libScreenReader.dylib
0x000000001069d000 	/System/Library/Frameworks/Accelerate.framework/Versions/A/Accelerate
0x000000001069d000 	/System/Library/Frameworks/IOSurface.framework/Versions/A/IOSurface
0x000000001069d000 	/System/Library/Frameworks/AudioToolbox.framework/Versions/A/AudioToolbox
0x000000001069d000 	/System/Library/Frameworks/AudioUnit.framework/Versions/A/AudioUnit
0x000000001069d000 	/System/Library/PrivateFrameworks/DataDetectorsCore.framework/Versions/A/DataDetectorsCore
0x000000001069d000 	/System/Library/Frameworks/Carbon.framework/Versions/A/Frameworks/HIToolbox.framework/Versions/A/HIToolbox
0x000000001069d000 	/usr/lib/libicucore.A.dylib
0x000000001069d000 	/System/Library/Frameworks/QuartzCore.framework/Versions/A/QuartzCore
0x000000001069d000 	/System/Library/Frameworks/Carbon.framework/Versions/A/Frameworks/SpeechRecognition.framework/Versions/A/SpeechRecognition
0x000000001069d000 	/usr/lib/libauto.dylib
0x000000001069d000 	/usr/lib/libxml2.2.dylib
0x000000001069d000 	/System/Library/PrivateFrameworks/CoreUI.framework/Versions/A/CoreUI
0x000000001069d000 	/System/Library/Frameworks/CoreAudio.framework/Versions/A/CoreAudio
0x000000001069d000 	/System/Library/Frameworks/DiskArbitration.framework/Versions/A/DiskArbitration
0x000000001069d000 	/usr/lib/liblangid.dylib
0x000000001069d000 	/System/Library/PrivateFrameworks/MultitouchSupport.framework/Versions/A/MultitouchSupport
0x000000001069d000 	/System/Library/Frameworks/IOKit.framework/Versions/A/IOKit
0x000000001069d000 	/usr/lib/libDiagnosticMessagesClient.dylib
0x000000001069d000 	/System/Library/Frameworks/CoreServices.framework/Versions/A/CoreServices
0x000000001069d000 	/System/Library/PrivateFrameworks/PerformanceAnalysis.framework/Versions/A/PerformanceAnalysis
0x000000001069d000 	/System/Library/Frameworks/OpenGL.framework/Versions/A/OpenGL
0x000000001069d000 	/System/Library/Frameworks/ColorSync.framework/Versions/A/ColorSync
0x000000001069d000 	/System/Library/Frameworks/CoreImage.framework/Versions/A/CoreImage
0x000000001069d000 	/System/Library/Frameworks/CoreText.framework/Versions/A/CoreText
0x000000001069d000 	/System/Library/Frameworks/ImageIO.framework/Versions/A/ImageIO
0x000000001069d000 	/System/Library/PrivateFrameworks/Backup.framework/Versions/A/Backup
0x000000001069d000 	/usr/lib/libarchive.2.dylib
0x000000001069d000 	/System/Library/Frameworks/CFNetwork.framework/Versions/A/CFNetwork
0x000000001069d000 	/System/Library/Frameworks/SystemConfiguration.framework/Versions/A/SystemConfiguration
0x000000001069d000 	/usr/lib/libCRFSuite.dylib
0x000000001069d000 	/usr/lib/libc++.1.dylib
0x000000001069d000 	/usr/lib/libc++abi.dylib
0x000000001069d000 	/usr/lib/system/libcache.dylib
0x000000001069d000 	/usr/lib/system/libcommonCrypto.dylib
0x000000001069d000 	/usr/lib/system/libcompiler_rt.dylib
0x000000001069d000 	/usr/lib/system/libcopyfile.dylib
0x000000001069d000 	/usr/lib/system/libcorecrypto.dylib
0x000000001069d000 	/usr/lib/system/libdispatch.dylib
0x000000001069d000 	/usr/lib/system/libdyld.dylib
0x000000001069d000 	/usr/lib/system/libkeymgr.dylib
0x000000001069d000 	/usr/lib/system/liblaunch.dylib
0x000000001069d000 	/usr/lib/system/libmacho.dylib
0x000000001069d000 	/usr/lib/system/libquarantine.dylib
0x000000001069d000 	/usr/lib/system/libremovefile.dylib
0x000000001069d000 	/usr/lib/system/libsystem_asl.dylib
0x000000001069d000 	/usr/lib/system/libsystem_blocks.dylib
0x000000001069d000 	/usr/lib/system/libsystem_c.dylib
0x000000001069d000 	/usr/lib/system/libsystem_configuration.dylib
0x000000001069d000 	/usr/lib/system/libsystem_coreservices.dylib
0x000000001069d000 	/usr/lib/system/libsystem_darwin.dylib
0x000000001069d000 	/usr/lib/system/libsystem_dnssd.dylib
0x000000001069d000 	/usr/lib/system/libsystem_info.dylib
0x000000001069d000 	/usr/lib/system/libsystem_m.dylib
0x000000001069d000 	/usr/lib/system/libsystem_malloc.dylib
0x000000001069d000 	/usr/lib/system/libsystem_network.dylib
0x000000001069d000 	/usr/lib/system/libsystem_networkextension.dylib
0x000000001069d000 	/usr/lib/system/libsystem_notify.dylib
0x000000001069d000 	/usr/lib/system/libsystem_sandbox.dylib
0x000000001069d000 	/usr/lib/system/libsystem_secinit.dylib
0x000000001069d000 	/usr/lib/system/libsystem_kernel.dylib
0x000000001069d000 	/usr/lib/system/libsystem_platform.dylib
0x000000001069d000 	/usr/lib/system/libsystem_pthread.dylib
0x000000001069d000 	/usr/lib/system/libsystem_symptoms.dylib
0x000000001069d000 	/usr/lib/system/libsystem_trace.dylib
0x000000001069d000 	/usr/lib/system/libunwind.dylib
0x000000001069d000 	/usr/lib/system/libxpc.dylib
0x000000001069d000 	/usr/lib/closure/libclosured.dylib
0x000000001069d000 	/usr/lib/libbsm.0.dylib
0x000000001069d000 	/usr/lib/system/libkxld.dylib
0x000000001069d000 	/usr/lib/libOpenScriptingUtil.dylib
0x000000001069d000 	/usr/lib/libcoretls.dylib
0x000000001069d000 	/usr/lib/libcoretls_cfhelpers.dylib
0x000000001069d000 	/usr/lib/libpam.2.dylib
0x000000001069d000 	/usr/lib/libsqlite3.dylib
0x000000001069d000 	/usr/lib/libxar.1.dylib
0x000000001069d000 	/usr/lib/libbz2.1.0.dylib
0x000000001069d000 	/usr/lib/liblzma.5.dylib
0x000000001069d000 	/usr/lib/libnetwork.dylib
0x000000001069d000 	/usr/lib/libapple_nghttp2.dylib
0x000000001069d000 	/usr/lib/libpcap.A.dylib
0x000000001069d000 	/usr/lib/libboringssl.dylib
0x000000001069d000 	/usr/lib/libusrtcp.dylib
0x000000001069d000 	/usr/lib/libapple_crypto.dylib
0x000000001069d000 	/System/Library/Frameworks/CoreServices.framework/Versions/A/Frameworks/FSEvents.framework/Versions/A/FSEvents
0x000000001069d000 	/System/Library/Frameworks/CoreServices.framework/Versions/A/Frameworks/CarbonCore.framework/Versions/A/CarbonCore
0x000000001069d000 	/System/Library/Frameworks/CoreServices.framework/Versions/A/Frameworks/Metadata.framework/Versions/A/Metadata
0x000000001069d000 	/System/Library/Frameworks/CoreServices.framework/Versions/A/Frameworks/OSServices.framework/Versions/A/OSServices
0x000000001069d000 	/System/Library/Frameworks/CoreServices.framework/Versions/A/Frameworks/SearchKit.framework/Versions/A/SearchKit
0x000000001069d000 	/System/Library/Frameworks/CoreServices.framework/Versions/A/Frameworks/AE.framework/Versions/A/AE
0x000000001069d000 	/System/Library/Frameworks/CoreServices.framework/Versions/A/Frameworks/LaunchServices.framework/Versions/A/LaunchServices
0x000000001069d000 	/System/Library/Frameworks/CoreServices.framework/Versions/A/Frameworks/DictionaryServices.framework/Versions/A/DictionaryServices
0x000000001069d000 	/System/Library/Frameworks/CoreServices.framework/Versions/A/Frameworks/SharedFileList.framework/Versions/A/SharedFileList
0x000000001069d000 	/System/Library/Frameworks/NetFS.framework/Versions/A/NetFS
0x000000001069d000 	/System/Library/PrivateFrameworks/NetAuth.framework/Versions/A/NetAuth
0x000000001069d000 	/System/Library/PrivateFrameworks/login.framework/Versions/A/Frameworks/loginsupport.framework/Versions/A/loginsupport
0x000000001069d000 	/System/Library/PrivateFrameworks/TCC.framework/Versions/A/TCC
0x000000001069d000 	/usr/lib/libmecabra.dylib
0x000000001069d000 	/System/Library/Frameworks/ApplicationServices.framework/Versions/A/Frameworks/ATS.framework/Versions/A/ATS
0x000000001069d000 	/System/Library/Frameworks/ApplicationServices.framework/Versions/A/Frameworks/ColorSyncLegacy.framework/Versions/A/ColorSyncLegacy
0x000000001069d000 	/System/Library/Frameworks/ApplicationServices.framework/Versions/A/Frameworks/HIServices.framework/Versions/A/HIServices
0x000000001069d000 	/System/Library/Frameworks/ApplicationServices.framework/Versions/A/Frameworks/LangAnalysis.framework/Versions/A/LangAnalysis
0x000000001069d000 	/System/Library/Frameworks/ApplicationServices.framework/Versions/A/Frameworks/PrintCore.framework/Versions/A/PrintCore
0x000000001069d000 	/System/Library/Frameworks/ApplicationServices.framework/Versions/A/Frameworks/QD.framework/Versions/A/QD
0x000000001069d000 	/System/Library/Frameworks/ApplicationServices.framework/Versions/A/Frameworks/SpeechSynthesis.framework/Versions/A/SpeechSynthesis
0x000000001069d000 	/System/Library/Frameworks/CoreDisplay.framework/Versions/A/CoreDisplay
0x000000001069d000 	/System/Library/Frameworks/Accelerate.framework/Versions/A/Frameworks/vImage.framework/Versions/A/vImage
0x000000001069d000 	/System/Library/Frameworks/Accelerate.framework/Versions/A/Frameworks/vecLib.framework/Versions/A/vecLib
0x000000001069d000 	/System/Library/Frameworks/Accelerate.framework/Versions/A/Frameworks/vecLib.framework/Versions/A/libvDSP.dylib
0x000000001069d000 	/System/Library/Frameworks/Accelerate.framework/Versions/A/Frameworks/vecLib.framework/Versions/A/libBNNS.dylib
0x000000001069d000 	/System/Library/Frameworks/Accelerate.framework/Versions/A/Frameworks/vecLib.framework/Versions/A/libQuadrature.dylib
0x000000001069d000 	/System/Library/Frameworks/Accelerate.framework/Versions/A/Frameworks/vecLib.framework/Versions/A/libvMisc.dylib
0x000000001069d000 	/System/Library/Frameworks/Accelerate.framework/Versions/A/Frameworks/vecLib.framework/Versions/A/libLAPACK.dylib
0x000000001069d000 	/System/Library/Frameworks/Accelerate.framework/Versions/A/Frameworks/vecLib.framework/Versions/A/libBLAS.dylib
0x000000001069d000 	/System/Library/Frameworks/Accelerate.framework/Versions/A/Frameworks/vecLib.framework/Versions/A/libLinearAlgebra.dylib
0x000000001069d000 	/System/Library/Frameworks/Accelerate.framework/Versions/A/Frameworks/vecLib.framework/Versions/A/libSparse.dylib
0x000000001069d000 	/System/Library/Frameworks/Accelerate.framework/Versions/A/Frameworks/vecLib.framework/Versions/A/libSparseBLAS.dylib
0x000000001069d000 	/System/Library/PrivateFrameworks/IOAccelerator.framework/Versions/A/IOAccelerator
0x000000001069d000 	/System/Library/PrivateFrameworks/IOPresentment.framework/Versions/A/IOPresentment
0x000000001069d000 	/System/Library/PrivateFrameworks/DSExternalDisplay.framework/Versions/A/DSExternalDisplay
0x000000001069d000 	/System/Library/Frameworks/OpenGL.framework/Versions/A/Libraries/libCoreFSCache.dylib
0x000000001069d000 	/System/Library/Frameworks/CoreVideo.framework/Versions/A/CoreVideo
0x000000001069d000 	/System/Library/PrivateFrameworks/GraphVisualizer.framework/Versions/A/GraphVisualizer
0x000000001069d000 	/System/Library/Frameworks/MetalPerformanceShaders.framework/Versions/A/MetalPerformanceShaders
0x000000001069d000 	/usr/lib/libFosl_dynamic.dylib
0x000000001069d000 	/System/Library/PrivateFrameworks/FaceCore.framework/Versions/A/FaceCore
0x000000001069d000 	/System/Library/Frameworks/OpenCL.framework/Versions/A/OpenCL
0x000000001069d000 	/usr/lib/libcompression.dylib
0x000000001069d000 	/System/Library/Frameworks/ApplicationServices.framework/Versions/A/Frameworks/ATS.framework/Versions/A/Resources/libFontParser.dylib
0x000000001069d000 	/System/Library/Frameworks/ApplicationServices.framework/Versions/A/Frameworks/ATS.framework/Versions/A/Resources/libFontRegistry.dylib
0x000000001069d000 	/System/Library/Frameworks/ImageIO.framework/Versions/A/Resources/libJPEG.dylib
0x000000001069d000 	/System/Library/Frameworks/ImageIO.framework/Versions/A/Resources/libTIFF.dylib
0x000000001069d000 	/System/Library/Frameworks/ImageIO.framework/Versions/A/Resources/libPng.dylib
0x000000001069d000 	/System/Library/Frameworks/ImageIO.framework/Versions/A/Resources/libGIF.dylib
0x000000001069d000 	/System/Library/Frameworks/ImageIO.framework/Versions/A/Resources/libJP2.dylib
0x000000001069d000 	/System/Library/Frameworks/ImageIO.framework/Versions/A/Resources/libRadiance.dylib
0x000000001069d000 	/System/Library/PrivateFrameworks/AppleJPEG.framework/Versions/A/AppleJPEG
0x000000001069d000 	/System/Library/PrivateFrameworks/MetalTools.framework/Versions/A/MetalTools
0x000000001069d000 	/System/Library/Frameworks/MetalPerformanceShaders.framework/Frameworks/MPSCore.framework/Versions/A/MPSCore
0x000000001069d000 	/System/Library/Frameworks/MetalPerformanceShaders.framework/Frameworks/MPSImage.framework/Versions/A/MPSImage
0x000000001069d000 	/System/Library/Frameworks/MetalPerformanceShaders.framework/Frameworks/MPSMatrix.framework/Versions/A/MPSMatrix
0x000000001069d000 	/System/Library/Frameworks/MetalPerformanceShaders.framework/Frameworks/MPSNeuralNetwork.framework/Versions/A/MPSNeuralNetwork
0x000000001069d000 	/System/Library/Frameworks/OpenGL.framework/Versions/A/Libraries/libGLU.dylib
0x000000001069d000 	/System/Library/Frameworks/OpenGL.framework/Versions/A/Libraries/libGFXShared.dylib
0x000000001069d000 	/System/Library/Frameworks/OpenGL.framework/Versions/A/Libraries/libGL.dylib
0x000000001069d000 	/System/Library/Frameworks/OpenGL.framework/Versions/A/Libraries/libGLImage.dylib
0x000000001069d000 	/System/Library/Frameworks/OpenGL.framework/Versions/A/Libraries/libCVMSPluginSupport.dylib
0x000000001069d000 	/System/Library/Frameworks/OpenGL.framework/Versions/A/Libraries/libCoreVMClient.dylib
0x000000001069d000 	/usr/lib/libcups.2.dylib
0x000000001069d000 	/System/Library/Frameworks/Kerberos.framework/Versions/A/Kerberos
0x000000001069d000 	/System/Library/Frameworks/GSS.framework/Versions/A/GSS
0x000000001069d000 	/usr/lib/libresolv.9.dylib
0x000000001069d000 	/usr/lib/libiconv.2.dylib
0x000000001069d000 	/System/Library/PrivateFrameworks/Heimdal.framework/Versions/A/Heimdal
0x000000001069d000 	/usr/lib/libheimdal-asn1.dylib
0x000000001069d000 	/System/Library/Frameworks/OpenDirectory.framework/Versions/A/OpenDirectory
0x000000001069d000 	/System/Library/PrivateFrameworks/CommonAuth.framework/Versions/A/CommonAuth
0x000000001069d000 	/System/Library/Frameworks/OpenDirectory.framework/Versions/A/Frameworks/CFOpenDirectory.framework/Versions/A/CFOpenDirectory
0x000000001069d000 	/System/Library/Frameworks/SecurityFoundation.framework/Versions/A/SecurityFoundation
0x000000001069d000 	/System/Library/PrivateFrameworks/APFS.framework/Versions/A/APFS
0x000000001069d000 	/usr/lib/libutil.dylib
0x000000001069d000 	/System/Library/PrivateFrameworks/AppleSauce.framework/Versions/A/AppleSauce
0x000000001069d000 	/System/Library/PrivateFrameworks/LinguisticData.framework/Versions/A/LinguisticData
0x000000001069d000 	/usr/lib/libmarisa.dylib
0x000000001069d000 	/System/Library/PrivateFrameworks/Lexicon.framework/Versions/A/Lexicon
0x000000001069d000 	/usr/lib/libChineseTokenizer.dylib
0x000000001069d000 	/usr/lib/libcmph.dylib
0x000000001069d000 	/System/Library/PrivateFrameworks/LanguageModeling.framework/Versions/A/LanguageModeling
0x000000001069d000 	/System/Library/PrivateFrameworks/CoreEmoji.framework/Versions/A/CoreEmoji
0x000000001069d000 	/System/Library/Frameworks/ServiceManagement.framework/Versions/A/ServiceManagement
0x000000001069d000 	/System/Library/PrivateFrameworks/BackgroundTaskManagement.framework/Versions/A/BackgroundTaskManagement
0x000000001069d000 	/usr/lib/libxslt.1.dylib
0x000000001069d000 	/System/Library/Frameworks/Carbon.framework/Versions/A/Frameworks/Ink.framework/Versions/A/Ink
0x000000001069d000 	/System/Library/PrivateFrameworks/TextureIO.framework/Versions/A/TextureIO
0x000000001069d000 	/usr/lib/libate.dylib
0x000000001069d000 	/System/Library/PrivateFrameworks/CrashReporterSupport.framework/Versions/A/CrashReporterSupport
0x000000001069d000 	/System/Library/PrivateFrameworks/Sharing.framework/Versions/A/Sharing
0x000000001069d000 	/System/Library/PrivateFrameworks/IconServices.framework/Versions/A/IconServices
0x000000001069d000 	/System/Library/PrivateFrameworks/ProtocolBuffer.framework/Versions/A/ProtocolBuffer
0x000000001069d000 	/System/Library/PrivateFrameworks/Apple80211.framework/Versions/A/Apple80211
0x000000001069d000 	/System/Library/Frameworks/CoreWLAN.framework/Versions/A/CoreWLAN
0x000000001069d000 	/System/Library/PrivateFrameworks/CoreUtils.framework/Versions/A/CoreUtils
0x000000001069d000 	/System/Library/Frameworks/IOBluetooth.framework/Versions/A/IOBluetooth
0x000000001069d000 	/System/Library/PrivateFrameworks/CoreWiFi.framework/Versions/A/CoreWiFi
0x000000001069d000 	/System/Library/Frameworks/CoreBluetooth.framework/Versions/A/CoreBluetooth
0x000000001069d000 	/System/Library/PrivateFrameworks/SignpostNotification.framework/Versions/A/SignpostNotification
0x000000001069d000 	/System/Library/PrivateFrameworks/DebugSymbols.framework/Versions/A/DebugSymbols
0x000000001069d000 	/System/Library/PrivateFrameworks/CoreSymbolication.framework/Versions/A/CoreSymbolication
0x000000001069d000 	/System/Library/PrivateFrameworks/Symbolication.framework/Versions/A/Symbolication
0x000000001069d000 	/System/Library/PrivateFrameworks/AppleFSCompression.framework/Versions/A/AppleFSCompression
0x000000001069d000 	/System/Library/PrivateFrameworks/SpeechRecognitionCore.framework/Versions/A/SpeechRecognitionCore
0x000000001069d000 	/System/Library/CoreServices/Encodings/libSimplifiedChineseConverter.dylib
0x0000000108600000 	/Library/Java/JavaVirtualMachines/jdk1.8.0_161.jdk/Contents/Home/jre/lib/server/libjvm.dylib
0x000000001069d000 	/usr/lib/libstdc++.6.0.9.dylib
0x00000001074f8000 	/Library/Java/JavaVirtualMachines/jdk1.8.0_161.jdk/Contents/Home/jre/lib/libverify.dylib
0x0000000107506000 	/Library/Java/JavaVirtualMachines/jdk1.8.0_161.jdk/Contents/Home/jre/lib/libjava.dylib
0x0000000107586000 	/Library/Java/JavaVirtualMachines/jdk1.8.0_161.jdk/Contents/Home/jre/lib/libzip.dylib
0x00000001269f7000 	/Library/Java/JavaVirtualMachines/jdk1.8.0_161.jdk/Contents/Home/jre/lib/libnio.dylib
0x0000000126a07000 	/Library/Java/JavaVirtualMachines/jdk1.8.0_161.jdk/Contents/Home/jre/lib/./libnet.dylib
0x0000000126a66000 	/Library/Java/JavaVirtualMachines/jdk1.8.0_161.jdk/Contents/Home/jre/lib/libsunec.dylib
0x0000000127f39000 	/private/var/folders/x8/gy8dqy5554g6s3twxs6zbh780000gp/T/librocksdbjni5383613202511436610.jnilib
0x0000000127440000 	/private/var/folders/x8/gy8dqy5554g6s3twxs6zbh780000gp/T/libleveldbjni-64-1-4020687964052206858.8
0x0000000128b14000 	/private/var/folders/x8/gy8dqy5554g6s3twxs6zbh780000gp/T/sqlite-3.16.1-7705a0fb-f4e3-41e1-9d5f-b698bdf49a3f-libsqlitejdbc.jnilib
0x00000001264db000 	/Library/Java/JavaVirtualMachines/jdk1.8.0_161.jdk/Contents/Home/jre/lib/libmanagement.dylib
0x0000000129cc6000 	/private/var/folders/x8/gy8dqy5554g6s3twxs6zbh780000gp/T/libzksnarkjni.dylib.1570874546864

VM Arguments:
jvm_args: -Dfile.encoding=UTF-8 -Duser.country=CN -Duser.language=zh -Duser.variant 
java_command: org.tron.program.FullNode
java_class_path (initial): /Users/liangzhiyan/code/tron/java-tron/framework/build/classes/java/main:/Users/liangzhiyan/code/tron/java-tron/framework/build/resources/main:/Users/liangzhiyan/code/tron/java-tron/actuator/build/libs/actuator-1.0.0.jar:/Users/liangzhiyan/code/tron/java-tron/consensus/build/libs/consensus-1.0.0.jar:/Users/liangzhiyan/code/tron/java-tron/chainbase/build/libs/chainbase-1.0.0.jar:/Users/liangzhiyan/code/tron/java-tron/protocol/build/libs/protocol-1.0.0.jar:/Users/liangzhiyan/.m2/repository/org/slf4j/jcl-over-slf4j/1.7.25/jcl-over-slf4j-1.7.25.jar:/Users/liangzhiyan/.m2/repository/ch/qos/logback/logback-classic/1.2.3/logback-classic-1.2.3.jar:/Users/liangzhiyan/.gradle/caches/modules-2/files-2.1/io.dropwizard.metrics/metrics-core/3.1.2/224f03afd2521c6c94632f566beb1bb5ee32cf07/metrics-core-3.1.2.jar:/Users/liangzhiyan/.gradle/caches/modules-2/files-2.1/org.pf4j/pf4j/2.5.0/65d5e0bcf9225fc98a42a06880fe00819bc4a60f/pf4j-2.5.0.jar:/Users/liangzhiyan/.m2/repository/org/slf4j/slf4j-api/1.7.25/slf4j-api-1.7.25.jar:/Users/liangzhiyan/.gradle/caches/modules-2/files-2.1/org.projectlombok/lombok/1.18.2/524e0a697e9d62950b2f763d88d35cd8dc82a9a1/lombok-1.18.2.jar:/Users/liangzhiyan/.gradle/caches/modules-2/files-2.1/com.google.inject/guice/4.1.0/eeb69005da379a10071aa4948c48d89250febb07/guice-4.1.0.jar:/Users/liangzhiyan/.gradle/caches/modules-2/files-2.1/org.reflections/reflections/0.9.11/4c686033d918ec1727e329b7222fcb020152e32b/reflections-0.9.11.jar:/Users/liangzhiyan/.gradle/caches/modules-2/files-2.1/com.google.api.grpc/googleapis-common-protos/0.0.3/337dc97b85a5766d2fd8742439134a8b5151c19a/googleapis-common-protos-0.0.3.jar:/Users/liangzhiyan/.m2/repository/io/grpc/grpc-protobuf/1.14.0/grpc-protobuf-1.14.0.jar:/Users/liangzhiyan/.m2/repository/com/google/protobuf/protobuf-java-util/3.4.0/protobuf-java-util-3.4.0.jar:/Users/liangzhiyan/.m2/repository/io/grpc/grpc-stub/1.14.0/grpc-stub-1.14.0.jar:/Users/liangzhiyan/.m2/repository/io/grpc/grpc-netty/1.1
Launcher Type: SUN_STANDARD

Environment Variables:
PATH=/anaconda3/bin:/Library/Frameworks/Python.framework/Versions/3.7/bin:/usr/local/bin:/usr/bin:/bin:/usr/sbin:/sbin:/Applications/VMware Fusion.app/Contents/Public:/usr/local/mysql/bin:/Users/liangzhiyan/go/bin
SHELL=/bin/bash

Signal Handlers:
SIGSEGV: [libjvm.dylib+0x5b5439], sa_mask[0]=11111111011111110111111111111111, sa_flags=SA_ONSTACK|SA_RESTART|SA_SIGINFO
SIGBUS: [libjvm.dylib+0x5b5439], sa_mask[0]=11111111011111110111111111111111, sa_flags=SA_RESTART|SA_SIGINFO
SIGFPE: [libjvm.dylib+0x48ae24], sa_mask[0]=11111111011111110111111111111111, sa_flags=SA_RESTART|SA_SIGINFO
SIGPIPE: [libjvm.dylib+0x48ae24], sa_mask[0]=11111111011111110111111111111111, sa_flags=SA_RESTART|SA_SIGINFO
SIGXFSZ: [libjvm.dylib+0x48ae24], sa_mask[0]=11111111011111110111111111111111, sa_flags=SA_RESTART|SA_SIGINFO
SIGILL: [libjvm.dylib+0x48ae24], sa_mask[0]=11111111011111110111111111111111, sa_flags=SA_RESTART|SA_SIGINFO
SIGUSR1: SIG_DFL, sa_mask[0]=00000000000000000000000000000000, sa_flags=none
SIGUSR2: [libjvm.dylib+0x48a942], sa_mask[0]=00100000000000000000000000000000, sa_flags=SA_RESTART|SA_SIGINFO
SIGHUP: [libjvm.dylib+0x488f0d], sa_mask[0]=11111111011111110111111111111111, sa_flags=SA_RESTART|SA_SIGINFO
SIGINT: [libjvm.dylib+0x488f0d], sa_mask[0]=11111111011111110111111111111111, sa_flags=SA_RESTART|SA_SIGINFO
SIGTERM: [libjvm.dylib+0x488f0d], sa_mask[0]=11111111011111110111111111111111, sa_flags=SA_RESTART|SA_SIGINFO
SIGQUIT: [libjvm.dylib+0x488f0d], sa_mask[0]=11111111011111110111111111111111, sa_flags=SA_RESTART|SA_SIGINFO


---------------  S Y S T E M  ---------------

OS:Bsduname:Darwin 17.4.0 Darwin Kernel Version 17.4.0: Sun Dec 17 09:19:54 PST 2017; root:xnu-4570.41.2~1/RELEASE_X86_64 x86_64
rlimit: STACK 8192k, CORE 0k, NPROC 1418, NOFILE 10240, AS infinity
load average:5.43 5.63 4.81

CPU:total 8 (initial active 8) (4 cores per cpu, 2 threads per core) family 6 model 70 stepping 1, cmov, cx8, fxsr, mmx, sse, sse2, sse3, ssse3, sse4.1, sse4.2, popcnt, avx, avx2, aes, clmul, erms, lzcnt, ht, tsc, tscinvbit, bmi1, bmi2

Memory: 4k page, physical 16777216k(1141124k free)

/proc/meminfo:


vm_info: Java HotSpot(TM) 64-Bit Server VM (25.161-b12) for bsd-amd64 JRE (1.8.0_161-b12), built on Dec 19 2017 16:22:20 by "java_re" with gcc 4.2.1 (Based on Apple Inc. build 5658) (LLVM build 2336.11.00)

time: Sat Oct 12 18:37:09 2019
elapsed time: 2088 seconds (0d 0h 34m 48s)

